}

['}\n']
Context is modified.
===================finish modified answer===============
==============starting processing data: 342 ==================
Context is modified.
===================finish modified answer===============
==============starting processing data: 343 ==================
Context is modified.
===================finish modified answer===============
==============starting processing data: 344 ==================
Context is modified.
===================finish modified answer===============
==============starting processing data: 345 ==================
Context is modified.
===================finish modified answer===============
==============starting processing data: 346 ==================
Context is modified.
===================finish modified answer===============
==============starting processing data: 347 ==================
Context is modified.
===================finish modified answer===============
==============starting processing data: 348 ==================
Context is modified.
===================finish modified answer===============
==============starting processing data: 349 ==================
Context is modified.
===================finish modified answer===============
==============starting processing data: 350 ==================
Context is modified.
===================finish modified answer===============
==============starting processing data: 351 ==================
Context is modified.
===================finish modified answer===============
==============starting processing data: 352 ==================
Context is modified.
===================finish modified answer===============
==============starting processing data: 353 ==================
Context is modified.
===================finish modified answer===============
==============starting processing data: 354 ==================
Context is modified.
===================finish modified answer===============
==============starting processing data: 355 ==================
Context is modified.
===================finish modified answer===============
==============starting processing data: 356 ==================
Context is modified.
===================finish modified answer===============
==============starting processing data: 357 ==================
Context is modified.
===================finish modified answer===============
==============starting processing data: 358 ==================
Context is modified.
===================finish modified answer===============
==============starting processing data: 359 ==================
Context is modified.
===================finish modified answer===============
==============starting processing data: 360 ==================
Context is modified.
===================finish modified answer===============
==============starting processing data: 361 ==================
Context is modified.
===================finish modified answer===============
==============starting processing data: 362 ==================
Context is modified.
===================finish modified answer===============
==============starting processing data: 363 ==================
Context is modified.
===================finish modified answer===============
==============starting processing data: 364 ==================
Context is modified.
===================finish modified answer===============
==============starting processing data: 365 ==================
Context is modified.
===================finish modified answer===============
==============starting processing data: 366 ==================
Context is modified.
===================finish modified answer===============
==============starting processing data: 367 ==================
Context is modified.
===================finish modified answer===============
==============starting processing data: 368 ==================
Context is modified.
===================finish modified answer===============
==============starting processing data: 369 ==================
Context is modified.
===================finish modified answer===============
==============starting processing data: 370 ==================
Context is modified.
===================finish modified answer===============
==============starting processing data: 371 ==================
Context is modified.
===================finish modified answer===============
==============starting processing data: 372 ==================
Context is modified.
===================finish modified answer===============
==============starting processing data: 373 ==================
Context is modified.
===================finish modified answer===============
==============starting processing data: 374 ==================
Context is modified.
===================finish modified answer===============
==============starting processing data: 375 ==================
Context is modified.
===================finish modified answer===============
==============starting processing data: 376 ==================
Context is modified.
===================finish modified answer===============
==============starting processing data: 377 ==================
Context is modified.
===================finish modified answer===============
==============starting processing data: 378 ==================
Context is modified.
===================finish modified answer===============
==============starting processing data: 379 ==================
Context is modified.
===================finish modified answer===============
==============starting processing data: 380 ==================
Context is modified.
===================finish modified answer===============
==============starting processing data: 381 ==================
Context is modified.
===================finish modified answer===============
==============starting processing data: 382 ==================
Context is modified.
===================finish modified answer===============
==============starting processing data: 383 ==================
Context is modified.
===================finish modified answer===============
==============starting processing data: 384 ==================
Context is modified.
===================finish modified answer===============
==============starting processing data: 385 ==================
Context is modified.
===================finish modified answer===============
==============starting processing data: 386 ==================
Context is modified.
===================finish modified answer===============
==============starting processing data: 387 ==================
Context is modified.
===================finish modified answer===============
==============starting processing data: 388 ==================
Context is modified.
===================finish modified answer===============
==============starting processing data: 389 ==================
Context is modified.
===================finish modified answer===============
==============starting processing data: 390 ==================
Context is modified.
===================finish modified answer===============
==============starting processing data: 391 ==================
Context is modified.
===================finish modified answer===============
==============starting processing data: 392 ==================
Context is modified.
===================finish modified answer===============
==============starting processing data: 393 ==================
Context is modified.
===================finish modified answer===============
==============starting processing data: 394 ==================
Context is modified.
===================finish modified answer===============
==============starting processing data: 395 ==================
Context is modified.
===================finish modified answer===============
==============starting processing data: 396 ==================
Context is modified.
===================finish modified answer===============
==============starting processing data: 397 ==================
Context is modified.
===================finish modified answer===============
==============starting processing data: 398 ==================
Context is modified.
===================finish modified answer===============
==============starting processing data: 399 ==================
Context is modified.
===================finish modified answer===============
==============starting processing data: 400 ==================
Context is modified.
===================finish modified answer===============
==============starting processing data: 401 ==================
Context is modified.
===================finish modified answer===============
==============starting processing data: 402 ==================
Context is modified.
===================finish modified answer===============
==============starting processing data: 403 ==================
Context is modified.
===================finish modified answer===============
==============starting processing data: 404 ==================
Context is modified.
===================finish modified answer===============
==============starting processing data: 405 ==================
Context is modified.
===================finish modified answer===============
==============starting processing data: 406 ==================
Context is modified.
===================finish modified answer===============
==============starting processing data: 407 ==================
Context is modified.
===================finish modified answer===============
==============starting processing data: 408 ==================
Context is modified.
===================finish modified answer===============
==============starting processing data: 409 ==================
Context is modified.
===================finish modified answer===============
==============starting processing data: 410 ==================
Context is modified.
===================finish modified answer===============
==============starting processing data: 411 ==================
Context is modified.
===================finish modified answer===============
==============starting processing data: 412 ==================
Context is modified.
===================finish modified answer===============
==============starting processing data: 413 ==================
Context is modified.
===================finish modified answer===============
==============starting processing data: 414 ==================
Context is modified.
===================finish modified answer===============
==============starting processing data: 415 ==================
Context is modified.
===================finish modified answer===============
==============starting processing data: 416 ==================
Context is modified.
===================finish modified answer===============
==============starting processing data: 417 ==================
Context is modified.
===================finish modified answer===============
==============starting processing data: 418 ==================
Context is modified.
===================finish modified answer===============
==============starting processing data: 419 ==================
Context is modified.
===================finish modified answer===============
==============starting processing data: 420 ==================
Context is modified.
===================finish modified answer===============
==============starting processing data: 421 ==================
Context is modified.
===================finish modified answer===============
==============starting processing data: 422 ==================
Context is modified.
===================finish modified answer===============
==============starting processing data: 423 ==================
Context is modified.
===================finish modified answer===============
==============starting processing data: 424 ==================
Context is modified.
===================finish modified answer===============
==============starting processing data: 425 ==================
Context is modified.
===================finish modified answer===============
==============starting processing data: 426 ==================
Context is modified.
===================finish modified answer===============
==============starting processing data: 427 ==================
Context is modified.
===================finish modified answer===============
==============starting processing data: 428 ==================
Context is modified.
===================finish modified answer===============
==============starting processing data: 429 ==================
Context is modified.
===================finish modified answer===============
==============starting processing data: 430 ==================
Context is modified.
===================finish modified answer===============
==============starting processing data: 431 ==================
Context is modified.
===================finish modified answer===============
==============starting processing data: 432 ==================
Context is modified.
===================finish modified answer===============
==============starting processing data: 433 ==================
Context is modified.
===================finish modified answer===============
==============starting processing data: 434 ==================
Context is modified.
===================finish modified answer===============
==============starting processing data: 435 ==================
Context is modified.
===================finish modified answer===============
==============starting processing data: 436 ==================
Context is modified.
===================finish modified answer===============
==============starting processing data: 437 ==================
Context is modified.
===================finish modified answer===============
==============starting processing data: 438 ==================
Context is modified.
===================finish modified answer===============
==============starting processing data: 439 ==================
